<?xml version="1.0" encoding="UTF-8"?>
<!-- Generated by org.testng.reporters.JUnitXMLReporter -->
<testsuite ignored="5" hostname="DESKTOP-1S1HMOG" failures="0" tests="1" name="Test" time="14.81" errors="0" timestamp="2023-12-22T13:46:42 IST">
  <testcase classname="contactTests.CreateContactWithTitleTest" name="CreateContacctWithLeadTest" time="6.655"/>
  <testcase classname="genericUtility.BaseClass" name="@AfterSuite afterSute" time="0.0">
    <ignored/>
  </testcase> <!-- @AfterSuite afterSute -->
  <testcase classname="genericUtility.BaseClass" name="@BeforeSuite beforeSuite" time="0.0">
    <ignored/>
  </testcase> <!-- @BeforeSuite beforeSuite -->
  <testcase classname="genericUtility.BaseClass" name="@AfterTest afterTest" time="0.0">
    <ignored/>
  </testcase> <!-- @AfterTest afterTest -->
  <testcase classname="genericUtility.BaseClass" name="@BeforeTest beforTest" time="0.0">
    <ignored/>
  </testcase> <!-- @BeforeTest beforTest -->
  <testcase classname="contactTests.CreateContactTest" name="createContctTest" time="0.0">
    <ignored/>
  </testcase> <!-- createContctTest -->
</testsuite> <!-- Test -->
